<?xml version="1.0" encoding="UTF-8"?>
<testng-results ignored="0" total="1" passed="1" failed="0" skipped="0">
  <reporter-output>
  </reporter-output>
  <suite started-at="2020-09-08T20:52:10 IST" name="Default suite" finished-at="2020-09-08T20:53:14 IST" duration-ms="64246">
    <groups>
    </groups>
    <test started-at="2020-09-08T20:52:10 IST" name="Default test" finished-at="2020-09-08T20:53:14 IST" duration-ms="64246">
      <class name="com.actiTime.TestScripts.CreateCustomer">
        <test-method is-config="true" signature="openBrowser()[pri:0, instance:com.actiTime.TestScripts.CreateCustomer@2928854b]" started-at="2020-09-08T20:52:10 IST" name="openBrowser" finished-at="2020-09-08T20:52:38 IST" duration-ms="28164" status="PASS">
          <reporter-output>
          </reporter-output>
        </test-method> <!-- openBrowser -->
        <test-method is-config="true" signature="login()[pri:0, instance:com.actiTime.TestScripts.CreateCustomer@2928854b]" started-at="2020-09-08T20:52:38 IST" name="login" finished-at="2020-09-08T20:52:39 IST" duration-ms="239" status="PASS">
          <reporter-output>
          </reporter-output>
        </test-method> <!-- login -->
        <test-method signature="testCreateCustomer()[pri:0, instance:com.actiTime.TestScripts.CreateCustomer@2928854b]" started-at="2020-09-08T20:52:39 IST" name="testCreateCustomer" finished-at="2020-09-08T20:53:10 IST" duration-ms="31709" status="PASS">
          <reporter-output>
          </reporter-output>
        </test-method> <!-- testCreateCustomer -->
        <test-method is-config="true" signature="logout()[pri:0, instance:com.actiTime.TestScripts.CreateCustomer@2928854b]" started-at="2020-09-08T20:53:10 IST" name="logout" finished-at="2020-09-08T20:53:14 IST" duration-ms="3927" status="PASS">
          <reporter-output>
          </reporter-output>
        </test-method> <!-- logout -->
        <test-method is-config="true" signature="closeBrowser()[pri:0, instance:com.actiTime.TestScripts.CreateCustomer@2928854b]" started-at="2020-09-08T20:53:14 IST" name="closeBrowser" finished-at="2020-09-08T20:53:14 IST" duration-ms="167" status="PASS">
          <reporter-output>
          </reporter-output>
        </test-method> <!-- closeBrowser -->
      </class> <!-- com.actiTime.TestScripts.CreateCustomer -->
    </test> <!-- Default test -->
  </suite> <!-- Default suite -->
</testng-results>
